nohup: ignoring input
ERROR:fastapi:Form data requires "python-multipart" to be installed. 
You can install "python-multipart" with: 

pip install python-multipart

Traceback (most recent call last):
  File "/home/vectone/Documents/VS_CODE_EXTENSION/NEW/basic/ai-code-extension/Website_building_backend/main.py", line 1432, in <module>
    @app.post("/generate")
     ~~~~~~~~^^^^^^^^^^^^^
  File "/home/vectone/miniconda3/lib/python3.13/site-packages/fastapi/routing.py", line 1138, in decorator
    self.add_api_route(
    ~~~~~~~~~~~~~~~~~~^
        path,
        ^^^^^
    ...<23 lines>...
        generate_unique_id_function=generate_unique_id_function,
        ^^^^^^^^^^^^^^^^^^^^^^^^^^^^^^^^^^^^^^^^^^^^^^^^^^^^^^^^
    )
    ^
  File "/home/vectone/miniconda3/lib/python3.13/site-packages/fastapi/routing.py", line 1077, in add_api_route
    route = route_class(
        self.prefix + path,
    ...<24 lines>...
        generate_unique_id_function=current_generate_unique_id,
    )
  File "/home/vectone/miniconda3/lib/python3.13/site-packages/fastapi/routing.py", line 696, in __init__
    self.dependant = get_dependant(
                     ~~~~~~~~~~~~~^
        path=self.path_format, call=self.endpoint, scope="function"
        ^^^^^^^^^^^^^^^^^^^^^^^^^^^^^^^^^^^^^^^^^^^^^^^^^^^^^^^^^^^
    )
    ^
  File "/home/vectone/miniconda3/lib/python3.13/site-packages/fastapi/dependencies/utils.py", line 283, in get_dependant
    param_details = analyze_param(
        param_name=param_name,
    ...<2 lines>...
        is_path_param=is_path_param,
    )
  File "/home/vectone/miniconda3/lib/python3.13/site-packages/fastapi/dependencies/utils.py", line 527, in analyze_param
    ensure_multipart_is_installed()
    ~~~~~~~~~~~~~~~~~~~~~~~~~~~~~^^
  File "/home/vectone/miniconda3/lib/python3.13/site-packages/fastapi/dependencies/utils.py", line 116, in ensure_multipart_is_installed
    raise RuntimeError(multipart_not_installed_error) from None
RuntimeError: Form data requires "python-multipart" to be installed. 
You can install "python-multipart" with: 

pip install python-multipart

